<?xml version="1.0" encoding="UTF-8"?>
<testng-results ignored="0" total="1" passed="1" failed="0" skipped="0">
  <reporter-output>
  </reporter-output>
  <suite started-at="2022-04-03T15:18:14 IST" name="Default suite" finished-at="2022-04-03T15:18:35 IST" duration-ms="20687">
    <groups>
    </groups>
    <test started-at="2022-04-03T15:18:14 IST" name="Default test" finished-at="2022-04-03T15:18:35 IST" duration-ms="20687">
      <class name="Ecommerce.Aarnalifestyle.loginTest">
        <test-method is-config="true" signature="BrowserSetup()[pri:0, instance:Ecommerce.Aarnalifestyle.loginTest@4659191b]" started-at="2022-04-03T15:18:14 IST" name="BrowserSetup" finished-at="2022-04-03T15:18:30 IST" duration-ms="15853" status="PASS">
          <reporter-output>
          </reporter-output>
        </test-method> <!-- BrowserSetup -->
        <test-method signature="login()[pri:0, instance:Ecommerce.Aarnalifestyle.loginTest@4659191b]" started-at="2022-04-03T15:18:30 IST" name="login" finished-at="2022-04-03T15:18:35 IST" duration-ms="4756" status="PASS">
          <reporter-output>
          </reporter-output>
        </test-method> <!-- login -->
      </class> <!-- Ecommerce.Aarnalifestyle.loginTest -->
    </test> <!-- Default test -->
  </suite> <!-- Default suite -->
</testng-results>
