<?xml version="1.0" encoding="UTF-8"?>
<testng-results ignored="0" total="1" passed="1" failed="0" skipped="0">
  <reporter-output>
  </reporter-output>
  <suite started-at="2022-04-08T15:58:31 IST" name="Default suite" finished-at="2022-04-08T15:59:03 IST" duration-ms="31929">
    <groups>
    </groups>
    <test started-at="2022-04-08T15:58:31 IST" name="Default test" finished-at="2022-04-08T15:59:03 IST" duration-ms="31929">
      <class name="Ecommerce.Aarnalifestyle.loginTest">
        <test-method is-config="true" signature="BrowserSetup()[pri:0, instance:Ecommerce.Aarnalifestyle.loginTest@6404f418]" started-at="2022-04-08T15:58:31 IST" name="BrowserSetup" finished-at="2022-04-08T15:58:42 IST" duration-ms="10519" status="PASS">
          <reporter-output>
          </reporter-output>
        </test-method> <!-- BrowserSetup -->
        <test-method signature="login()[pri:0, instance:Ecommerce.Aarnalifestyle.loginTest@6404f418]" started-at="2022-04-08T15:58:42 IST" name="login" finished-at="2022-04-08T15:59:03 IST" duration-ms="21355" status="PASS">
          <reporter-output>
          </reporter-output>
        </test-method> <!-- login -->
      </class> <!-- Ecommerce.Aarnalifestyle.loginTest -->
    </test> <!-- Default test -->
  </suite> <!-- Default suite -->
</testng-results>
